<?xml version="1.0" encoding="UTF-8"?>
<!-- Generated by org.testng.reporters.JUnitReportReporter -->
<testsuite hostname="DESKTOP-T64MA69" failures="0" tests="1" name="day2.PathAndQueryParameters" time="2.307" errors="0" timestamp="2024-09-12T12:54:30 IST" skipped="0">
  <testcase classname="day2.PathAndQueryParameters" name="testQueryAndPathParams" time="2.307"/>
  <system-out/>
</testsuite> <!-- day2.PathAndQueryParameters -->
