<?xml version="1.0" encoding="UTF-8"?>
<!-- Generated by org.testng.reporters.JUnitReportReporter -->
<testsuite hostname="DESKTOP-T64MA69" failures="0" tests="1" name="day5.JSONSchemaValidations" time="2.319" errors="0" timestamp="2024-11-04T22:42:08 IST" skipped="0">
  <testcase classname="day5.JSONSchemaValidations" name="jsonSchemaValidation" time="2.319"/>
  <system-out/>
</testsuite> <!-- day5.JSONSchemaValidations -->
