<?xml version="1.0" encoding="UTF-8"?>
<!-- Generated by org.testng.reporters.JUnitReportReporter -->
<testsuite hostname="DESKTOP-T64MA69" failures="0" tests="1" name="day6.FakeDataGenerater" time="0.176" errors="0" timestamp="2024-11-05T22:45:47 IST" skipped="0">
  <testcase classname="day6.FakeDataGenerater" name="dataGenerator" time="0.176"/>
  <system-out/>
</testsuite> <!-- day6.FakeDataGenerater -->
