<?xml version="1.0" encoding="UTF-8"?>
<!-- Generated by org.testng.reporters.JUnitReportReporter -->
<testsuite hostname="DESKTOP-T64MA69" failures="0" tests="3" name="day4.ParsingXMLResponse" time="3.271" errors="0" timestamp="2024-11-04T22:42:24 IST" skipped="0">
  <testcase classname="day4.ParsingXMLResponse" name="test3XMLResponse" time="0.432"/>
  <system-out/>
  <testcase classname="day4.ParsingXMLResponse" name="testXMLResponse" time="0.504"/>
  <system-out/>
  <testcase classname="day4.ParsingXMLResponse" name="test2XMLResponse" time="2.335"/>
  <system-out/>
</testsuite> <!-- day4.ParsingXMLResponse -->
