<?xml version="1.0" encoding="UTF-8"?>
<!-- Generated by org.testng.reporters.JUnitReportReporter -->
<testsuite hostname="DESKTOP-T64MA69" failures="0" tests="1" name="day7.CreateUser" time="2.168" errors="0" timestamp="2024-11-06T01:05:14 IST" skipped="0">
  <testcase classname="day7.CreateUser" name="createUser" time="2.168"/>
  <system-out/>
</testsuite> <!-- day7.CreateUser -->
