<?xml version="1.0" encoding="UTF-8"?>
<!-- Generated by org.testng.reporters.JUnitReportReporter -->
<testsuite hostname="DESKTOP-T64MA69" failures="0" tests="1" name="day5.SerializationAndDeserialization" time="0.227" errors="0" timestamp="2024-11-05T00:07:51 IST" skipped="0">
  <testcase classname="day5.SerializationAndDeserialization" name="convertJson2Pojo" time="0.227"/>
  <system-out/>
</testsuite> <!-- day5.SerializationAndDeserialization -->
