<?xml version="1.0" encoding="UTF-8"?>
<!-- Generated by org.testng.reporters.JUnitReportReporter -->
<testsuite hostname="DESKTOP-T64MA69" failures="0" tests="1" name="day7.Getuser" time="0.448" errors="0" timestamp="2024-11-06T01:05:14 IST" skipped="0">
  <testcase classname="day7.Getuser" name="getUser" time="0.448"/>
  <system-out/>
</testsuite> <!-- day7.Getuser -->
