<?xml version="1.0" encoding="UTF-8"?>
<!-- Generated by org.testng.reporters.JUnitReportReporter -->
<testsuite hostname="DESKTOP-T64MA69" failures="0" tests="1" name="day2.CookiesDemo" time="3.424" errors="0" timestamp="2024-09-12T14:26:07 IST" skipped="0">
  <testcase classname="day2.CookiesDemo" name="getHeaders" time="3.424"/>
  <system-out/>
</testsuite> <!-- day2.CookiesDemo -->
