<?xml version="1.0" encoding="UTF-8"?>
<!-- Generated by org.testng.reporters.JUnitReportReporter -->
<testsuite hostname="DESKTOP-T64MA69" failures="0" tests="1" name="day1.HttpMethods" time="2.040" errors="0" timestamp="2024-11-02T00:52:18 IST" skipped="0">
  <testcase classname="day1.HttpMethods" name="getUser" time="2.040"/>
  <system-out/>
</testsuite> <!-- day1.HttpMethods -->
