<?xml version="1.0" encoding="UTF-8"?>
<!-- Generated by org.testng.reporters.JUnitReportReporter -->
<testsuite hostname="DESKTOP-T64MA69" failures="0" tests="1" name="day1.HttpMethods" time="1.739" errors="0" timestamp="2024-09-11T16:17:42 IST" skipped="0">
  <testcase classname="day1.HttpMethods" name="getUser" time="1.739"/>
  <system-out/>
</testsuite> <!-- day1.HttpMethods -->
