<?xml version="1.0" encoding="UTF-8"?>
<!-- Generated by org.testng.reporters.JUnitReportReporter -->
<testsuite hostname="DESKTOP-T64MA69" failures="0" tests="1" name="day4.FileUploadAndDownload" time="1.266" errors="0" timestamp="2024-11-04T23:19:31 IST" skipped="0">
  <testcase classname="day4.FileUploadAndDownload" name="singleFileUpload" time="1.266"/>
  <system-out/>
</testsuite> <!-- day4.FileUploadAndDownload -->
