<?xml version="1.0" encoding="UTF-8"?>
<!-- Generated by org.testng.reporters.JUnitReportReporter -->
<testsuite hostname="DESKTOP-T64MA69" failures="0" tests="1" name="day4.ParsingXMLResponse" time="2.392" errors="0" timestamp="2024-11-03T00:39:50 IST" skipped="0">
  <testcase classname="day4.ParsingXMLResponse" name="test3XMLResponse" time="2.392"/>
  <system-out/>
</testsuite> <!-- day4.ParsingXMLResponse -->
