<?xml version="1.0" encoding="UTF-8"?>
<!-- Generated by org.testng.reporters.JUnitReportReporter -->
<testsuite hostname="DESKTOP-T64MA69" failures="0" tests="1" name="day4.FileUploadAndDownload" time="1.173" errors="0" timestamp="2024-11-03T01:02:15 IST" skipped="0">
  <testcase classname="day4.FileUploadAndDownload" name="fileDownload" time="1.173"/>
  <system-out/>
</testsuite> <!-- day4.FileUploadAndDownload -->
